/var/spool/slurmd/job16577/slurm_script: line 19: cd: /mnt/nas_home/jasonb/transformer_nlp: No such file or directory
Changed directory to /mnt/nas_home/jrb239/transformer_nlp.

JobID: 16577
======
Time: Thu 17 Aug 13:39:39 BST 2023
Current directory: /mnt/nas_home/jrb239/transformer_nlp

Executing command:
==================
python3 main.py -f /mnt/nas_home/jrb239/transformer_nlp/to_run_config_folders/single_heads -v

[I] Program starting...
[T] 2023-08-17 13:39:45.537026
[I] Found 1 configs:
/mnt/nas_home/jrb239/transformer_nlp/to_run_config_folders/single_heads/v2_phenotype_single_label_bio_bl05_k4_e36.json
[I] Loading config 1/1 /mnt/nas_home/jrb239/transformer_nlp/to_run_config_folders/single_heads/v2_phenotype_single_label_bio_bl05_k4_e36.json
[T] 2023-08-17 13:39:45.538508
[I|Model] Loading Tokenizer
[I|Model] Loading Model
[I|Model] Loading tags from file
[I|Model] Loading tag categories from file
Found CUDA devices:
NVIDIA TITAN X (Pascal)
[I|Data] Loading data from file
[I|Data] Pre-processing input data
[I|Data] Processing transformer data
[I|Data] Processing tag data
[W] The following tags were not found in the new tag list:
	B-anoikis
	B-entosis
	I--
	I-adhesion
	I-anoikis
	I-entosis
	I-mitophagy
	I-pyroptosis
	I-transformation
[I|Train Handler] Training model
[I|Train Handler] Fold 1/4...
[I|Train] Epoch 0/36
[I|Train] Epoch took 00:00:48, predicted 00:28:27 left
[I|Train] Epoch 1/36
[I|Train] Epoch took 00:00:49, predicted 00:27:55 left
[I|Train] Epoch 2/36
[I|Train] Epoch took 00:00:49, predicted 00:27:07 left
[I|Train] Epoch 3/36
[I|Train] Epoch took 00:00:49, predicted 00:26:08 left
[I|Train] Epoch 4/36
[I|Train] Epoch took 00:00:49, predicted 00:25:22 left
[I|Train] Epoch 5/36
[I|Train] Epoch took 00:00:49, predicted 00:24:30 left
[I|Train] Epoch 6/36
[I|Train] Epoch took 00:00:48, predicted 00:23:37 left
[I|Train] Epoch 7/36
[I|Train] Epoch took 00:00:48, predicted 00:22:51 left
[I|Train] Epoch 8/36
[I|Train] Epoch took 00:00:49, predicted 00:22:05 left
[I|Train] Epoch 9/36
[I|Train] Epoch took 00:00:48, predicted 00:21:10 left
[I|Train] Epoch 10/36
[I|Train] Epoch took 00:00:48, predicted 00:20:24 left
[I|Train] Epoch 11/36
[I|Train] Epoch took 00:00:48, predicted 00:19:32 left
[I|Train] Epoch 12/36
[I|Train] Epoch took 00:00:48, predicted 00:18:44 left
[I|Train] Epoch 13/36
[I|Train] Epoch took 00:00:48, predicted 00:17:54 left
[I|Train] Epoch 14/36
[I|Train] Epoch took 00:00:49, predicted 00:17:11 left
[I|Train] Epoch 15/36
[I|Train] Epoch took 00:00:48, predicted 00:16:15 left
[I|Train] Epoch 16/36
[I|Train] Epoch took 00:00:48, predicted 00:15:27 left
[I|Train] Epoch 17/36
[I|Train] Epoch took 00:00:48, predicted 00:14:41 left
[I|Train] Epoch 18/36
[I|Train] Epoch took 00:00:48, predicted 00:13:50 left
[I|Train] Epoch 19/36
[I|Train] Epoch took 00:00:48, predicted 00:13:01 left
[I|Train] Epoch 20/36
[I|Train] Epoch took 00:00:48, predicted 00:12:13 left
[I|Train] Epoch 21/36
[I|Train] Epoch took 00:00:48, predicted 00:11:24 left
[I|Train] Epoch 22/36
[I|Train] Epoch took 00:00:48, predicted 00:10:34 left
[I|Train] Epoch 23/36
[I|Train] Epoch took 00:00:48, predicted 00:09:47 left
[I|Train] Epoch 24/36
[I|Train] Epoch took 00:00:48, predicted 00:08:57 left
[I|Train] Epoch 25/36
[I|Train] Epoch took 00:00:48, predicted 00:08:09 left
[I|Train] Epoch 26/36
[I|Train] Epoch took 00:00:48, predicted 00:07:19 left
[I|Train] Epoch 27/36
[I|Train] Epoch took 00:00:48, predicted 00:06:30 left
[I|Train] Epoch 28/36
[I|Train] Epoch took 00:00:48, predicted 00:05:42 left
[I|Train] Epoch 29/36
[I|Train] Epoch took 00:00:48, predicted 00:04:52 left
[I|Train] Epoch 30/36
[I|Train] Epoch took 00:00:48, predicted 00:04:04 left
[I|Train] Epoch 31/36
[I|Train] Epoch took 00:00:48, predicted 00:03:15 left
[I|Train] Epoch 32/36
[I|Train] Epoch took 00:00:48, predicted 00:02:26 left
[I|Train] Epoch 33/36
[I|Train] Epoch took 00:00:48, predicted 00:01:37 left
[I|Train] Epoch 34/36
[I|Train] Epoch took 00:00:48, predicted 00:00:48 left
[I|Train] Epoch 35/36
[I|Train] Epoch took 00:00:48, predicted 00:00:00 left
[I|Train Handler] Resetting model
[I|Model] Loading tags from file
[I|Model] Loading tag categories from file
Found CUDA devices:
NVIDIA TITAN X (Pascal)
[I|Train Handler] Fold 2/4...
[I|Train] Epoch 0/36
[I|Train] Epoch took 00:00:49, predicted 00:29:04 left
[I|Train] Epoch 1/36
[I|Train] Epoch took 00:00:49, predicted 00:28:12 left
[I|Train] Epoch 2/36
[I|Train] Epoch took 00:00:49, predicted 00:27:12 left
[I|Train] Epoch 3/36
[I|Train] Epoch took 00:00:49, predicted 00:26:27 left
[I|Train] Epoch 4/36
[I|Train] Epoch took 00:00:49, predicted 00:25:23 left
[I|Train] Epoch 5/36
[I|Train] Epoch took 00:00:49, predicted 00:24:39 left
[I|Train] Epoch 6/36
[I|Train] Epoch took 00:00:49, predicted 00:23:43 left
[I|Train] Epoch 7/36
[I|Train] Epoch took 00:00:49, predicted 00:22:58 left
[I|Train] Epoch 8/36
[I|Train] Epoch took 00:00:49, predicted 00:22:08 left
[I|Train] Epoch 9/36
[I|Train] Epoch took 00:00:49, predicted 00:21:16 left
[I|Train] Epoch 10/36
[I|Train] Epoch took 00:00:49, predicted 00:20:28 left
[I|Train] Epoch 11/36
[I|Train] Epoch took 00:00:49, predicted 00:19:41 left
[I|Train] Epoch 12/36
[I|Train] Epoch took 00:00:49, predicted 00:18:49 left
[I|Train] Epoch 13/36
[I|Train] Epoch took 00:00:49, predicted 00:17:58 left
[I|Train] Epoch 14/36
[I|Train] Epoch took 00:00:49, predicted 00:17:10 left
[I|Train] Epoch 15/36
[I|Train] Epoch took 00:00:48, predicted 00:16:18 left
[I|Train] Epoch 16/36
[I|Train] Epoch took 00:00:48, predicted 00:15:30 left
[I|Train] Epoch 17/36
[I|Train] Epoch took 00:00:49, predicted 00:14:42 left
[I|Train] Epoch 18/36
[I|Train] Epoch took 00:00:49, predicted 00:13:55 left
[I|Train] Epoch 19/36
[I|Train] Epoch took 00:00:48, predicted 00:13:02 left
[I|Train] Epoch 20/36
[I|Train] Epoch took 00:00:48, predicted 00:12:13 left
[I|Train] Epoch 21/36
[I|Train] Epoch took 00:00:49, predicted 00:11:26 left
[I|Train] Epoch 22/36
[I|Train] Epoch took 00:00:48, predicted 00:10:35 left
[I|Train] Epoch 23/36
[I|Train] Epoch took 00:00:48, predicted 00:09:47 left
[I|Train] Epoch 24/36
[I|Train] Epoch took 00:00:48, predicted 00:08:58 left
[I|Train] Epoch 25/36
[I|Train] Epoch took 00:00:48, predicted 00:08:09 left
[I|Train] Epoch 26/36
[I|Train] Epoch took 00:00:48, predicted 00:07:19 left
[I|Train] Epoch 27/36
[I|Train] Epoch took 00:00:49, predicted 00:06:32 left
[I|Train] Epoch 28/36
[I|Train] Epoch took 00:00:49, predicted 00:05:43 left
[I|Train] Epoch 29/36
[I|Train] Epoch took 00:00:48, predicted 00:04:53 left
[I|Train] Epoch 30/36
[I|Train] Epoch took 00:00:49, predicted 00:04:06 left
[I|Train] Epoch 31/36
[I|Train] Epoch took 00:00:48, predicted 00:03:15 left
[I|Train] Epoch 32/36
[I|Train] Epoch took 00:00:49, predicted 00:02:27 left
[I|Train] Epoch 33/36
[I|Train] Epoch took 00:00:48, predicted 00:01:37 left
[I|Train] Epoch 34/36
[I|Train] Epoch took 00:00:48, predicted 00:00:48 left
[I|Train] Epoch 35/36
[I|Train] Epoch took 00:00:48, predicted 00:00:00 left
[I|Train Handler] Resetting model
[I|Model] Loading tags from file
[I|Model] Loading tag categories from file
Found CUDA devices:
NVIDIA TITAN X (Pascal)
[I|Train Handler] Fold 3/4...
[I|Train] Epoch 0/36
[I|Train] Epoch took 00:00:49, predicted 00:29:07 left
[I|Train] Epoch 1/36
[I|Train] Epoch took 00:00:49, predicted 00:28:06 left
[I|Train] Epoch 2/36
[I|Train] Epoch took 00:00:49, predicted 00:27:13 left
[I|Train] Epoch 3/36
[I|Train] Epoch took 00:00:49, predicted 00:26:20 left
[I|Train] Epoch 4/36
[I|Train] Epoch took 00:00:49, predicted 00:25:36 left
[I|Train] Epoch 5/36
[I|Train] Epoch took 00:00:49, predicted 00:24:34 left
[I|Train] Epoch 6/36
[I|Train] Epoch took 00:00:49, predicted 00:23:44 left
[I|Train] Epoch 7/36
[I|Train] Epoch took 00:00:49, predicted 00:22:59 left
[I|Train] Epoch 8/36
[I|Train] Epoch took 00:00:49, predicted 00:22:16 left
[I|Train] Epoch 9/36
[I|Train] Epoch took 00:00:49, predicted 00:21:21 left
[I|Train] Epoch 10/36
[I|Train] Epoch took 00:00:48, predicted 00:20:24 left
[I|Train] Epoch 11/36
[I|Train] Epoch took 00:00:49, predicted 00:19:42 left
[I|Train] Epoch 12/36
[I|Train] Epoch took 00:00:49, predicted 00:18:48 left
[I|Train] Epoch 13/36
[I|Train] Epoch took 00:00:48, predicted 00:17:57 left
[I|Train] Epoch 14/36
[I|Train] Epoch took 00:00:49, predicted 00:17:09 left
[I|Train] Epoch 15/36
[I|Train] Epoch took 00:00:49, predicted 00:16:26 left
[I|Train] Epoch 16/36
[I|Train] Epoch took 00:00:49, predicted 00:15:32 left
[I|Train] Epoch 17/36
[I|Train] Epoch took 00:00:48, predicted 00:14:41 left
[I|Train] Epoch 18/36
[I|Train] Epoch took 00:00:49, predicted 00:13:54 left
[I|Train] Epoch 19/36
[I|Train] Epoch took 00:00:49, predicted 00:13:05 left
[I|Train] Epoch 20/36
[I|Train] Epoch took 00:00:48, predicted 00:12:14 left
[I|Train] Epoch 21/36
[I|Train] Epoch took 00:00:48, predicted 00:11:25 left
[I|Train] Epoch 22/36
[I|Train] Epoch took 00:00:49, predicted 00:10:39 left
[I|Train] Epoch 23/36
[I|Train] Epoch took 00:00:48, predicted 00:09:45 left
[I|Train] Epoch 24/36
[I|Train] Epoch took 00:00:49, predicted 00:08:59 left
[I|Train] Epoch 25/36
[I|Train] Epoch took 00:00:48, predicted 00:08:09 left
[I|Train] Epoch 26/36
[I|Train] Epoch took 00:00:49, predicted 00:07:24 left
[I|Train] Epoch 27/36
[I|Train] Epoch took 00:00:48, predicted 00:06:31 left
[I|Train] Epoch 28/36
[I|Train] Epoch took 00:00:49, predicted 00:05:43 left
[I|Train] Epoch 29/36
[I|Train] Epoch took 00:00:48, predicted 00:04:53 left
[I|Train] Epoch 30/36
[I|Train] Epoch took 00:00:48, predicted 00:04:04 left
[I|Train] Epoch 31/36
[I|Train] Epoch took 00:00:49, predicted 00:03:16 left
[I|Train] Epoch 32/36
[I|Train] Epoch took 00:00:48, predicted 00:02:26 left
[I|Train] Epoch 33/36
[I|Train] Epoch took 00:00:48, predicted 00:01:37 left
[I|Train] Epoch 34/36
[I|Train] Epoch took 00:00:48, predicted 00:00:48 left
[I|Train] Epoch 35/36
[I|Train] Epoch took 00:00:48, predicted 00:00:00 left
[I|Train Handler] Resetting model
[I|Model] Loading tags from file
[I|Model] Loading tag categories from file
Found CUDA devices:
NVIDIA TITAN X (Pascal)
[I|Train Handler] Fold 4/4...
[I|Train] Epoch 0/36
[I|Train] Epoch took 00:00:49, predicted 00:29:05 left
[I|Train] Epoch 1/36
[I|Train] Epoch took 00:00:49, predicted 00:28:07 left
[I|Train] Epoch 2/36
[I|Train] Epoch took 00:00:49, predicted 00:27:12 left
[I|Train] Epoch 3/36
[I|Train] Epoch took 00:00:49, predicted 00:26:21 left
[I|Train] Epoch 4/36
[I|Train] Epoch took 00:00:49, predicted 00:25:22 left
[I|Train] Epoch 5/36
[I|Train] Epoch took 00:00:49, predicted 00:24:34 left
[I|Train] Epoch 6/36
[I|Train] Epoch took 00:00:49, predicted 00:23:41 left
[I|Train] Epoch 7/36
[I|Train] Epoch took 00:00:48, predicted 00:22:51 left
[I|Train] Epoch 8/36
[I|Train] Epoch took 00:00:48, predicted 00:22:01 left
[I|Train] Epoch 9/36
[I|Train] Epoch took 00:00:49, predicted 00:21:15 left
[I|Train] Epoch 10/36
[I|Train] Epoch took 00:00:49, predicted 00:20:26 left
[I|Train] Epoch 11/36
[I|Train] Epoch took 00:00:48, predicted 00:19:32 left
[I|Train] Epoch 12/36
[I|Train] Epoch took 00:00:49, predicted 00:18:47 left
[I|Train] Epoch 13/36
[I|Train] Epoch took 00:00:49, predicted 00:18:03 left
[I|Train] Epoch 14/36
[I|Train] Epoch took 00:00:48, predicted 00:17:03 left
[I|Train] Epoch 15/36
[I|Train] Epoch took 00:00:49, predicted 00:16:22 left
[I|Train] Epoch 16/36
[I|Train] Epoch took 00:00:49, predicted 00:15:32 left
[I|Train] Epoch 17/36
[I|Train] Epoch took 00:00:48, predicted 00:14:40 left
[I|Train] Epoch 18/36
[I|Train] Epoch took 00:00:48, predicted 00:13:51 left
[I|Train] Epoch 19/36
[I|Train] Epoch took 00:00:49, predicted 00:13:04 left
[I|Train] Epoch 20/36
[I|Train] Epoch took 00:00:48, predicted 00:12:14 left
[I|Train] Epoch 21/36
[I|Train] Epoch took 00:00:48, predicted 00:11:24 left
[I|Train] Epoch 22/36
[I|Train] Epoch took 00:00:48, predicted 00:10:34 left
[I|Train] Epoch 23/36
[I|Train] Epoch took 00:00:48, predicted 00:09:45 left
[I|Train] Epoch 24/36
[I|Train] Epoch took 00:00:48, predicted 00:08:58 left
[I|Train] Epoch 25/36
[I|Train] Epoch took 00:00:48, predicted 00:08:08 left
[I|Train] Epoch 26/36
[I|Train] Epoch took 00:00:48, predicted 00:07:19 left
[I|Train] Epoch 27/36
[I|Train] Epoch took 00:00:48, predicted 00:06:30 left
[I|Train] Epoch 28/36
[I|Train] Epoch took 00:00:48, predicted 00:05:41 left
[I|Train] Epoch 29/36
[I|Train] Epoch took 00:00:48, predicted 00:04:53 left
[I|Train] Epoch 30/36
[I|Train] Epoch took 00:00:48, predicted 00:04:04 left
[I|Train] Epoch 31/36
[I|Train] Epoch took 00:00:48, predicted 00:03:15 left
[I|Train] Epoch 32/36
[I|Train] Epoch took 00:00:48, predicted 00:02:26 left
[I|Train] Epoch 33/36
[I|Train] Epoch took 00:00:48, predicted 00:01:37 left
[I|Train] Epoch 34/36
[I|Train] Epoch took 00:00:48, predicted 00:00:48 left
[I|Train] Epoch 35/36
[I|Train] Epoch took 00:00:49, predicted 00:00:00 left
[I|Train Handler] Resetting model
[I|Model] Loading tags from file
[I|Model] Loading tag categories from file
Found CUDA devices:
NVIDIA TITAN X (Pascal)
[I|Train Handler] Final training
[I|Train] Epoch 0/36
[I|Train] Epoch took 00:00:59, predicted 00:34:30 left
[I|Train] Epoch 1/36
[I|Train] Epoch took 00:00:59, predicted 00:33:28 left
[I|Train] Epoch 2/36
[I|Train] Epoch took 00:00:58, predicted 00:32:21 left
[I|Train] Epoch 3/36
[I|Train] Epoch took 00:00:58, predicted 00:31:15 left
[I|Train] Epoch 4/36
[I|Train] Epoch took 00:00:58, predicted 00:30:12 left
[I|Train] Epoch 5/36
[I|Train] Epoch took 00:00:58, predicted 00:29:06 left
[I|Train] Epoch 6/36
[I|Train] Epoch took 00:00:58, predicted 00:28:03 left
[I|Train] Epoch 7/36
[I|Train] Epoch took 00:00:58, predicted 00:27:08 left
[I|Train] Epoch 8/36
[I|Train] Epoch took 00:00:58, predicted 00:26:10 left
[I|Train] Epoch 9/36
[I|Train] Epoch took 00:00:58, predicted 00:25:10 left
[I|Train] Epoch 10/36
[I|Train] Epoch took 00:00:58, predicted 00:24:13 left
[I|Train] Epoch 11/36
[I|Train] Epoch took 00:00:58, predicted 00:23:15 left
[I|Train] Epoch 12/36
[I|Train] Epoch took 00:00:58, predicted 00:22:17 left
[I|Train] Epoch 13/36
[I|Train] Epoch took 00:00:58, predicted 00:21:18 left
[I|Train] Epoch 14/36
[I|Train] Epoch took 00:00:58, predicted 00:20:24 left
[I|Train] Epoch 15/36
[I|Train] Epoch took 00:00:58, predicted 00:19:20 left
[I|Train] Epoch 16/36
[I|Train] Epoch took 00:00:58, predicted 00:18:24 left
[I|Train] Epoch 17/36
[I|Train] Epoch took 00:00:57, predicted 00:17:22 left
[I|Train] Epoch 18/36
[I|Train] Epoch took 00:00:57, predicted 00:16:25 left
[I|Train] Epoch 19/36
[I|Train] Epoch took 00:00:58, predicted 00:15:28 left
[I|Train] Epoch 20/36
[I|Train] Epoch took 00:00:58, predicted 00:14:33 left
[I|Train] Epoch 21/36
[I|Train] Epoch took 00:00:57, predicted 00:13:31 left
[I|Train] Epoch 22/36
[I|Train] Epoch took 00:00:58, predicted 00:12:35 left
[I|Train] Epoch 23/36
[I|Train] Epoch took 00:00:57, predicted 00:11:35 left
[I|Train] Epoch 24/36
[I|Train] Epoch took 00:00:57, predicted 00:10:37 left
[I|Train] Epoch 25/36
[I|Train] Epoch took 00:00:57, predicted 00:09:39 left
[I|Train] Epoch 26/36
[I|Train] Epoch took 00:00:58, predicted 00:08:42 left
[I|Train] Epoch 27/36
[I|Train] Epoch took 00:00:58, predicted 00:07:45 left
[I|Train] Epoch 28/36
[I|Train] Epoch took 00:00:57, predicted 00:06:45 left
[I|Train] Epoch 29/36
[I|Train] Epoch took 00:00:58, predicted 00:05:48 left
[I|Train] Epoch 30/36
[I|Train] Epoch took 00:00:57, predicted 00:04:49 left
[I|Train] Epoch 31/36
[I|Train] Epoch took 00:00:57, predicted 00:03:50 left
[I|Train] Epoch 32/36
[I|Train] Epoch took 00:00:58, predicted 00:02:54 left
[I|Train] Epoch 33/36
[I|Train] Epoch took 00:00:57, predicted 00:01:55 left
[I|Train] Epoch 34/36
[I|Train] Epoch took 00:00:57, predicted 00:00:57 left
[I|Train] Epoch 35/36
[I|Train] Epoch took 00:00:57, predicted 00:00:00 left
[I|Train Handler] Testing model
[I|Data] Loading data from file
[I|Data] Pre-processing input data
[I|Data] Processing transformer data
[I|Data] Processing tag data
[W] The following tags were not found in the new tag list:
	B--
	B-adhesion
	B-colony formation
	B-entosis
	B-necroptosis
	B-necrosis
	B-oncosis
	B-quiescence
	B-transformation
	B-tumour progression
	B-tumourigenesis
	I--
	I-adhesion
	I-anoikis
	I-colony formation
	I-differentiation
	I-entosis
	I-invasion
	I-migration
	I-mitophagy
	I-necroptosis
	I-necrosis
	I-oncosis
	I-proliferation
	I-pyroptosis
	I-quiescence
	I-transformation
	I-tumour progression
	I-tumourigenesis
[I|Test] Testing model
[I|Test] Test loss: {'phenotype': 0.027654941892251372}
[I|Test] Test accuracy: {'phenotype': {'precision': 0.8125, 'recall': 0.8881987577639752, 'f1': 0.8486646884272997, 'accuracy': 0.7409326424870466}}
[I|Train Handler] Saving model
[I|Train Handler] Saving training history
[I] Finished
[I] Successful: /mnt/nas_home/jrb239/transformer_nlp/to_run_config_folders/single_heads/v2_phenotype_single_label_bio_bl05_k4_e36.json
[I] Failed: None
[T] 2023-08-17 16:12:46.005510
[I] Program exiting...
